13:07:34.750 [main] INFO  resources.baseClass - UnRestricted User
21:16:14.236 [main] TRACE io.github.bonigarcia.wdm.Config - Property wdm.chromeDriverVersion not found in /webdrivermanager.properties, using default values (in /webdrivermanager.properties)
21:16:14.240 [main] TRACE io.github.bonigarcia.wdm.Config - Property wdm.chromeDriverVersion not found in /webdrivermanager.properties, using blank value
21:16:14.256 [main] TRACE io.github.bonigarcia.wdm.Config - Property wdm.proxy not found in /webdrivermanager.properties, using default values (in /webdrivermanager.properties)
21:16:14.257 [main] TRACE io.github.bonigarcia.wdm.Config - Property wdm.proxy not found in /webdrivermanager.properties, using blank value
21:16:14.576 [main] TRACE io.github.bonigarcia.wdm.Config - Property wdm.binaryPath not found in /webdrivermanager.properties, using default values (in /webdrivermanager.properties)
21:16:14.577 [main] TRACE io.github.bonigarcia.wdm.Config - Property wdm.binaryPath not found in /webdrivermanager.properties, using blank value
21:16:14.580 [main] TRACE io.github.bonigarcia.wdm.Shell - Running command on the shell: [wmic, datafile, where, name='C:\\Program Files (x86)\\Google\\Chrome\\Application\\chrome.exe', get, Version, /value]
21:16:14.815 [main] TRACE io.github.bonigarcia.wdm.Shell - Result: Version=81.0.4044.138
21:16:14.816 [main] TRACE io.github.bonigarcia.wdm.WebDriverManager - Detected Google Chrome version 81
21:16:14.818 [main] TRACE io.github.bonigarcia.wdm.WebDriverManager - Using preferences true
21:16:14.819 [main] DEBUG io.github.bonigarcia.wdm.Preferences - Preference found chrome81=81.0.4044.138 (valid until 2020-05-13 22:13:18)
21:16:14.820 [main] INFO  io.github.bonigarcia.wdm.WebDriverManager - Using chromedriver 81.0.4044.138 (since Google Chrome 81 is installed in your machine)
21:16:14.820 [main] TRACE io.github.bonigarcia.wdm.WebDriverManager - Managing chromedriver arch=64 version=81.0.4044.138 getLatest=false cache=false
21:16:14.821 [main] TRACE io.github.bonigarcia.wdm.WebDriverManager - Checking if chromedriver exists in cache
21:16:14.822 [main] TRACE io.github.bonigarcia.wdm.Downloader - Target path C:\Users\satya/.m2/repository/webdriver
21:16:14.850 [main] TRACE io.github.bonigarcia.wdm.WebDriverManager - Filter cache by chromedriver -- input list [C:\Users\satya\.m2\repository\webdriver\chromedriver\win32\75.0.3770.140\chromedriver.exe, C:\Users\satya\.m2\repository\webdriver\chromedriver\win32\76.0.3809.25\chromedriver.exe, C:\Users\satya\.m2\repository\webdriver\chromedriver\win32\76.0.3809.68\chromedriver.exe, C:\Users\satya\.m2\repository\webdriver\chromedriver\win32\77.0.3865.40\chromedriver.exe, C:\Users\satya\.m2\repository\webdriver\chromedriver\win32\78.0.3904.105\chromedriver.exe, C:\Users\satya\.m2\repository\webdriver\chromedriver\win32\78.0.3904.70\chromedriver.exe, C:\Users\satya\.m2\repository\webdriver\chromedriver\win32\79.0.3945.36\chromedriver.exe, C:\Users\satya\.m2\repository\webdriver\chromedriver\win32\80.0.3987.106\chromedriver.exe, C:\Users\satya\.m2\repository\webdriver\chromedriver\win32\81.0.4044.138\chromedriver.exe] -- output list [C:\Users\satya\.m2\repository\webdriver\chromedriver\win32\75.0.3770.140\chromedriver.exe, C:\Users\satya\.m2\repository\webdriver\chromedriver\win32\76.0.3809.25\chromedriver.exe, C:\Users\satya\.m2\repository\webdriver\chromedriver\win32\76.0.3809.68\chromedriver.exe, C:\Users\satya\.m2\repository\webdriver\chromedriver\win32\77.0.3865.40\chromedriver.exe, C:\Users\satya\.m2\repository\webdriver\chromedriver\win32\78.0.3904.105\chromedriver.exe, C:\Users\satya\.m2\repository\webdriver\chromedriver\win32\78.0.3904.70\chromedriver.exe, C:\Users\satya\.m2\repository\webdriver\chromedriver\win32\79.0.3945.36\chromedriver.exe, C:\Users\satya\.m2\repository\webdriver\chromedriver\win32\80.0.3987.106\chromedriver.exe, C:\Users\satya\.m2\repository\webdriver\chromedriver\win32\81.0.4044.138\chromedriver.exe] 
21:16:14.850 [main] TRACE io.github.bonigarcia.wdm.WebDriverManager - Filter cache by 81.0.4044.138 -- input list [C:\Users\satya\.m2\repository\webdriver\chromedriver\win32\75.0.3770.140\chromedriver.exe, C:\Users\satya\.m2\repository\webdriver\chromedriver\win32\76.0.3809.25\chromedriver.exe, C:\Users\satya\.m2\repository\webdriver\chromedriver\win32\76.0.3809.68\chromedriver.exe, C:\Users\satya\.m2\repository\webdriver\chromedriver\win32\77.0.3865.40\chromedriver.exe, C:\Users\satya\.m2\repository\webdriver\chromedriver\win32\78.0.3904.105\chromedriver.exe, C:\Users\satya\.m2\repository\webdriver\chromedriver\win32\78.0.3904.70\chromedriver.exe, C:\Users\satya\.m2\repository\webdriver\chromedriver\win32\79.0.3945.36\chromedriver.exe, C:\Users\satya\.m2\repository\webdriver\chromedriver\win32\80.0.3987.106\chromedriver.exe, C:\Users\satya\.m2\repository\webdriver\chromedriver\win32\81.0.4044.138\chromedriver.exe] -- output list [C:\Users\satya\.m2\repository\webdriver\chromedriver\win32\81.0.4044.138\chromedriver.exe] 
21:16:14.850 [main] TRACE io.github.bonigarcia.wdm.WebDriverManager - Filter cache by win -- input list [C:\Users\satya\.m2\repository\webdriver\chromedriver\win32\81.0.4044.138\chromedriver.exe] -- output list [C:\Users\satya\.m2\repository\webdriver\chromedriver\win32\81.0.4044.138\chromedriver.exe] 
21:16:14.852 [main] TRACE io.github.bonigarcia.wdm.WebDriverManager - Using preferences true
21:16:14.855 [main] TRACE io.github.bonigarcia.wdm.WebDriverManager - Using preferences true
21:16:14.855 [main] DEBUG io.github.bonigarcia.wdm.WebDriverManager - Driver chromedriver 81.0.4044.138 found in cache
21:16:14.857 [main] INFO  io.github.bonigarcia.wdm.WebDriverManager - Exporting webdriver.chrome.driver as C:\Users\satya\.m2\repository\webdriver\chromedriver\win32\81.0.4044.138\chromedriver.exe
21:16:18.848 [main] INFO  resources.baseClass - Driver is initialized
21:16:22.555 [main] INFO  resources.baseClass - Navigated to Miscellaneous Page
21:16:22.556 [main] INFO  resources.baseClass - dragAndDropFrameElements script is running
21:16:32.309 [main] INFO  resources.baseClass - Check the 'dragAndDropFrameElements.png' file in 'TestFailureScreenshots' folder situated in the basepath
21:16:32.310 [main] INFO  resources.baseClass - Closing the driver
21:19:55.561 [main] TRACE io.github.bonigarcia.wdm.Config - Property wdm.chromeDriverVersion not found in /webdrivermanager.properties, using default values (in /webdrivermanager.properties)
21:19:55.566 [main] TRACE io.github.bonigarcia.wdm.Config - Property wdm.chromeDriverVersion not found in /webdrivermanager.properties, using blank value
21:19:55.588 [main] TRACE io.github.bonigarcia.wdm.Config - Property wdm.proxy not found in /webdrivermanager.properties, using default values (in /webdrivermanager.properties)
21:19:55.591 [main] TRACE io.github.bonigarcia.wdm.Config - Property wdm.proxy not found in /webdrivermanager.properties, using blank value
21:19:55.896 [main] TRACE io.github.bonigarcia.wdm.Config - Property wdm.binaryPath not found in /webdrivermanager.properties, using default values (in /webdrivermanager.properties)
21:19:55.897 [main] TRACE io.github.bonigarcia.wdm.Config - Property wdm.binaryPath not found in /webdrivermanager.properties, using blank value
21:19:55.899 [main] TRACE io.github.bonigarcia.wdm.Shell - Running command on the shell: [wmic, datafile, where, name='C:\\Program Files (x86)\\Google\\Chrome\\Application\\chrome.exe', get, Version, /value]
21:19:56.132 [main] TRACE io.github.bonigarcia.wdm.Shell - Result: Version=81.0.4044.138
21:19:56.132 [main] TRACE io.github.bonigarcia.wdm.WebDriverManager - Detected Google Chrome version 81
21:19:56.134 [main] TRACE io.github.bonigarcia.wdm.WebDriverManager - Using preferences true
21:19:56.135 [main] DEBUG io.github.bonigarcia.wdm.Preferences - Preference found chrome81=81.0.4044.138 (valid until 2020-05-13 22:13:18)
21:19:56.135 [main] INFO  io.github.bonigarcia.wdm.WebDriverManager - Using chromedriver 81.0.4044.138 (since Google Chrome 81 is installed in your machine)
21:19:56.136 [main] TRACE io.github.bonigarcia.wdm.WebDriverManager - Managing chromedriver arch=64 version=81.0.4044.138 getLatest=false cache=false
21:19:56.136 [main] TRACE io.github.bonigarcia.wdm.WebDriverManager - Checking if chromedriver exists in cache
21:19:56.137 [main] TRACE io.github.bonigarcia.wdm.Downloader - Target path C:\Users\satya/.m2/repository/webdriver
21:19:56.158 [main] TRACE io.github.bonigarcia.wdm.WebDriverManager - Filter cache by chromedriver -- input list [C:\Users\satya\.m2\repository\webdriver\chromedriver\win32\75.0.3770.140\chromedriver.exe, C:\Users\satya\.m2\repository\webdriver\chromedriver\win32\76.0.3809.25\chromedriver.exe, C:\Users\satya\.m2\repository\webdriver\chromedriver\win32\76.0.3809.68\chromedriver.exe, C:\Users\satya\.m2\repository\webdriver\chromedriver\win32\77.0.3865.40\chromedriver.exe, C:\Users\satya\.m2\repository\webdriver\chromedriver\win32\78.0.3904.105\chromedriver.exe, C:\Users\satya\.m2\repository\webdriver\chromedriver\win32\78.0.3904.70\chromedriver.exe, C:\Users\satya\.m2\repository\webdriver\chromedriver\win32\79.0.3945.36\chromedriver.exe, C:\Users\satya\.m2\repository\webdriver\chromedriver\win32\80.0.3987.106\chromedriver.exe, C:\Users\satya\.m2\repository\webdriver\chromedriver\win32\81.0.4044.138\chromedriver.exe] -- output list [C:\Users\satya\.m2\repository\webdriver\chromedriver\win32\75.0.3770.140\chromedriver.exe, C:\Users\satya\.m2\repository\webdriver\chromedriver\win32\76.0.3809.25\chromedriver.exe, C:\Users\satya\.m2\repository\webdriver\chromedriver\win32\76.0.3809.68\chromedriver.exe, C:\Users\satya\.m2\repository\webdriver\chromedriver\win32\77.0.3865.40\chromedriver.exe, C:\Users\satya\.m2\repository\webdriver\chromedriver\win32\78.0.3904.105\chromedriver.exe, C:\Users\satya\.m2\repository\webdriver\chromedriver\win32\78.0.3904.70\chromedriver.exe, C:\Users\satya\.m2\repository\webdriver\chromedriver\win32\79.0.3945.36\chromedriver.exe, C:\Users\satya\.m2\repository\webdriver\chromedriver\win32\80.0.3987.106\chromedriver.exe, C:\Users\satya\.m2\repository\webdriver\chromedriver\win32\81.0.4044.138\chromedriver.exe] 
21:19:56.159 [main] TRACE io.github.bonigarcia.wdm.WebDriverManager - Filter cache by 81.0.4044.138 -- input list [C:\Users\satya\.m2\repository\webdriver\chromedriver\win32\75.0.3770.140\chromedriver.exe, C:\Users\satya\.m2\repository\webdriver\chromedriver\win32\76.0.3809.25\chromedriver.exe, C:\Users\satya\.m2\repository\webdriver\chromedriver\win32\76.0.3809.68\chromedriver.exe, C:\Users\satya\.m2\repository\webdriver\chromedriver\win32\77.0.3865.40\chromedriver.exe, C:\Users\satya\.m2\repository\webdriver\chromedriver\win32\78.0.3904.105\chromedriver.exe, C:\Users\satya\.m2\repository\webdriver\chromedriver\win32\78.0.3904.70\chromedriver.exe, C:\Users\satya\.m2\repository\webdriver\chromedriver\win32\79.0.3945.36\chromedriver.exe, C:\Users\satya\.m2\repository\webdriver\chromedriver\win32\80.0.3987.106\chromedriver.exe, C:\Users\satya\.m2\repository\webdriver\chromedriver\win32\81.0.4044.138\chromedriver.exe] -- output list [C:\Users\satya\.m2\repository\webdriver\chromedriver\win32\81.0.4044.138\chromedriver.exe] 
21:19:56.159 [main] TRACE io.github.bonigarcia.wdm.WebDriverManager - Filter cache by win -- input list [C:\Users\satya\.m2\repository\webdriver\chromedriver\win32\81.0.4044.138\chromedriver.exe] -- output list [C:\Users\satya\.m2\repository\webdriver\chromedriver\win32\81.0.4044.138\chromedriver.exe] 
21:19:56.161 [main] TRACE io.github.bonigarcia.wdm.WebDriverManager - Using preferences true
21:19:56.163 [main] TRACE io.github.bonigarcia.wdm.WebDriverManager - Using preferences true
21:19:56.163 [main] DEBUG io.github.bonigarcia.wdm.WebDriverManager - Driver chromedriver 81.0.4044.138 found in cache
21:19:56.164 [main] INFO  io.github.bonigarcia.wdm.WebDriverManager - Exporting webdriver.chrome.driver as C:\Users\satya\.m2\repository\webdriver\chromedriver\win32\81.0.4044.138\chromedriver.exe
21:20:00.260 [main] INFO  resources.baseClass - Driver is initialized
21:20:07.836 [main] INFO  resources.baseClass - Navigated to Practice Page
21:20:07.849 [main] INFO  resources.baseClass - PracticePageTest.CheckboxExampleTitle
21:20:08.286 [main] INFO  resources.baseClass - Closing the driver
21:20:08.395 [main] TRACE io.github.bonigarcia.wdm.Config - Property wdm.chromeDriverVersion not found in /webdrivermanager.properties, using default values (in /webdrivermanager.properties)
21:20:08.396 [main] TRACE io.github.bonigarcia.wdm.Config - Property wdm.chromeDriverVersion not found in /webdrivermanager.properties, using blank value
21:20:08.398 [main] TRACE io.github.bonigarcia.wdm.Config - Property wdm.proxy not found in /webdrivermanager.properties, using default values (in /webdrivermanager.properties)
21:20:08.399 [main] TRACE io.github.bonigarcia.wdm.Config - Property wdm.proxy not found in /webdrivermanager.properties, using blank value
21:20:08.408 [main] TRACE io.github.bonigarcia.wdm.Config - Property wdm.binaryPath not found in /webdrivermanager.properties, using default values (in /webdrivermanager.properties)
21:20:08.410 [main] TRACE io.github.bonigarcia.wdm.Config - Property wdm.binaryPath not found in /webdrivermanager.properties, using blank value
21:20:08.411 [main] TRACE io.github.bonigarcia.wdm.Shell - Running command on the shell: [wmic, datafile, where, name='C:\\Program Files (x86)\\Google\\Chrome\\Application\\chrome.exe', get, Version, /value]
21:20:08.589 [main] TRACE io.github.bonigarcia.wdm.Shell - Result: Version=81.0.4044.138
21:20:08.590 [main] TRACE io.github.bonigarcia.wdm.WebDriverManager - Detected Google Chrome version 81
21:20:08.590 [main] TRACE io.github.bonigarcia.wdm.WebDriverManager - Using preferences true
21:20:08.591 [main] DEBUG io.github.bonigarcia.wdm.Preferences - Preference found chrome81=81.0.4044.138 (valid until 2020-05-13 22:13:18)
21:20:08.591 [main] INFO  io.github.bonigarcia.wdm.WebDriverManager - Using chromedriver 81.0.4044.138 (since Google Chrome 81 is installed in your machine)
21:20:08.591 [main] TRACE io.github.bonigarcia.wdm.WebDriverManager - Managing chromedriver arch=64 version=81.0.4044.138 getLatest=false cache=false
21:20:08.591 [main] TRACE io.github.bonigarcia.wdm.WebDriverManager - Checking if chromedriver exists in cache
21:20:08.592 [main] TRACE io.github.bonigarcia.wdm.Downloader - Target path C:\Users\satya/.m2/repository/webdriver
21:20:08.596 [main] TRACE io.github.bonigarcia.wdm.WebDriverManager - Filter cache by chromedriver -- input list [C:\Users\satya\.m2\repository\webdriver\chromedriver\win32\75.0.3770.140\chromedriver.exe, C:\Users\satya\.m2\repository\webdriver\chromedriver\win32\76.0.3809.25\chromedriver.exe, C:\Users\satya\.m2\repository\webdriver\chromedriver\win32\76.0.3809.68\chromedriver.exe, C:\Users\satya\.m2\repository\webdriver\chromedriver\win32\77.0.3865.40\chromedriver.exe, C:\Users\satya\.m2\repository\webdriver\chromedriver\win32\78.0.3904.105\chromedriver.exe, C:\Users\satya\.m2\repository\webdriver\chromedriver\win32\78.0.3904.70\chromedriver.exe, C:\Users\satya\.m2\repository\webdriver\chromedriver\win32\79.0.3945.36\chromedriver.exe, C:\Users\satya\.m2\repository\webdriver\chromedriver\win32\80.0.3987.106\chromedriver.exe, C:\Users\satya\.m2\repository\webdriver\chromedriver\win32\81.0.4044.138\chromedriver.exe] -- output list [C:\Users\satya\.m2\repository\webdriver\chromedriver\win32\75.0.3770.140\chromedriver.exe, C:\Users\satya\.m2\repository\webdriver\chromedriver\win32\76.0.3809.25\chromedriver.exe, C:\Users\satya\.m2\repository\webdriver\chromedriver\win32\76.0.3809.68\chromedriver.exe, C:\Users\satya\.m2\repository\webdriver\chromedriver\win32\77.0.3865.40\chromedriver.exe, C:\Users\satya\.m2\repository\webdriver\chromedriver\win32\78.0.3904.105\chromedriver.exe, C:\Users\satya\.m2\repository\webdriver\chromedriver\win32\78.0.3904.70\chromedriver.exe, C:\Users\satya\.m2\repository\webdriver\chromedriver\win32\79.0.3945.36\chromedriver.exe, C:\Users\satya\.m2\repository\webdriver\chromedriver\win32\80.0.3987.106\chromedriver.exe, C:\Users\satya\.m2\repository\webdriver\chromedriver\win32\81.0.4044.138\chromedriver.exe] 
21:20:08.597 [main] TRACE io.github.bonigarcia.wdm.WebDriverManager - Filter cache by 81.0.4044.138 -- input list [C:\Users\satya\.m2\repository\webdriver\chromedriver\win32\75.0.3770.140\chromedriver.exe, C:\Users\satya\.m2\repository\webdriver\chromedriver\win32\76.0.3809.25\chromedriver.exe, C:\Users\satya\.m2\repository\webdriver\chromedriver\win32\76.0.3809.68\chromedriver.exe, C:\Users\satya\.m2\repository\webdriver\chromedriver\win32\77.0.3865.40\chromedriver.exe, C:\Users\satya\.m2\repository\webdriver\chromedriver\win32\78.0.3904.105\chromedriver.exe, C:\Users\satya\.m2\repository\webdriver\chromedriver\win32\78.0.3904.70\chromedriver.exe, C:\Users\satya\.m2\repository\webdriver\chromedriver\win32\79.0.3945.36\chromedriver.exe, C:\Users\satya\.m2\repository\webdriver\chromedriver\win32\80.0.3987.106\chromedriver.exe, C:\Users\satya\.m2\repository\webdriver\chromedriver\win32\81.0.4044.138\chromedriver.exe] -- output list [C:\Users\satya\.m2\repository\webdriver\chromedriver\win32\81.0.4044.138\chromedriver.exe] 
21:20:08.597 [main] TRACE io.github.bonigarcia.wdm.WebDriverManager - Filter cache by win -- input list [C:\Users\satya\.m2\repository\webdriver\chromedriver\win32\81.0.4044.138\chromedriver.exe] -- output list [C:\Users\satya\.m2\repository\webdriver\chromedriver\win32\81.0.4044.138\chromedriver.exe] 
21:20:08.598 [main] TRACE io.github.bonigarcia.wdm.WebDriverManager - Using preferences true
21:20:08.599 [main] TRACE io.github.bonigarcia.wdm.WebDriverManager - Using preferences true
21:20:08.599 [main] DEBUG io.github.bonigarcia.wdm.WebDriverManager - Driver chromedriver 81.0.4044.138 found in cache
21:20:08.600 [main] INFO  io.github.bonigarcia.wdm.WebDriverManager - Exporting webdriver.chrome.driver as C:\Users\satya\.m2\repository\webdriver\chromedriver\win32\81.0.4044.138\chromedriver.exe
21:20:11.863 [main] INFO  resources.baseClass - Driver is initialized
21:20:19.398 [main] INFO  resources.baseClass - Navigated to Practice Page
21:20:19.399 [main] INFO  resources.baseClass - PracticePageTest.DropDownExampleTitle
21:20:19.777 [main] INFO  resources.baseClass - Closing the driver
21:20:19.876 [main] TRACE io.github.bonigarcia.wdm.Config - Property wdm.chromeDriverVersion not found in /webdrivermanager.properties, using default values (in /webdrivermanager.properties)
21:20:19.878 [main] TRACE io.github.bonigarcia.wdm.Config - Property wdm.chromeDriverVersion not found in /webdrivermanager.properties, using blank value
21:20:19.879 [main] TRACE io.github.bonigarcia.wdm.Config - Property wdm.proxy not found in /webdrivermanager.properties, using default values (in /webdrivermanager.properties)
21:20:19.880 [main] TRACE io.github.bonigarcia.wdm.Config - Property wdm.proxy not found in /webdrivermanager.properties, using blank value
21:20:19.885 [main] TRACE io.github.bonigarcia.wdm.Config - Property wdm.binaryPath not found in /webdrivermanager.properties, using default values (in /webdrivermanager.properties)
21:20:19.887 [main] TRACE io.github.bonigarcia.wdm.Config - Property wdm.binaryPath not found in /webdrivermanager.properties, using blank value
21:20:19.888 [main] TRACE io.github.bonigarcia.wdm.Shell - Running command on the shell: [wmic, datafile, where, name='C:\\Program Files (x86)\\Google\\Chrome\\Application\\chrome.exe', get, Version, /value]
21:20:20.056 [main] TRACE io.github.bonigarcia.wdm.Shell - Result: Version=81.0.4044.138
21:20:20.057 [main] TRACE io.github.bonigarcia.wdm.WebDriverManager - Detected Google Chrome version 81
21:20:20.059 [main] TRACE io.github.bonigarcia.wdm.WebDriverManager - Using preferences true
21:20:20.059 [main] DEBUG io.github.bonigarcia.wdm.Preferences - Preference found chrome81=81.0.4044.138 (valid until 2020-05-13 22:13:18)
21:20:20.059 [main] INFO  io.github.bonigarcia.wdm.WebDriverManager - Using chromedriver 81.0.4044.138 (since Google Chrome 81 is installed in your machine)
21:20:20.060 [main] TRACE io.github.bonigarcia.wdm.WebDriverManager - Managing chromedriver arch=64 version=81.0.4044.138 getLatest=false cache=false
21:20:20.060 [main] TRACE io.github.bonigarcia.wdm.WebDriverManager - Checking if chromedriver exists in cache
21:20:20.060 [main] TRACE io.github.bonigarcia.wdm.Downloader - Target path C:\Users\satya/.m2/repository/webdriver
21:20:20.065 [main] TRACE io.github.bonigarcia.wdm.WebDriverManager - Filter cache by chromedriver -- input list [C:\Users\satya\.m2\repository\webdriver\chromedriver\win32\75.0.3770.140\chromedriver.exe, C:\Users\satya\.m2\repository\webdriver\chromedriver\win32\76.0.3809.25\chromedriver.exe, C:\Users\satya\.m2\repository\webdriver\chromedriver\win32\76.0.3809.68\chromedriver.exe, C:\Users\satya\.m2\repository\webdriver\chromedriver\win32\77.0.3865.40\chromedriver.exe, C:\Users\satya\.m2\repository\webdriver\chromedriver\win32\78.0.3904.105\chromedriver.exe, C:\Users\satya\.m2\repository\webdriver\chromedriver\win32\78.0.3904.70\chromedriver.exe, C:\Users\satya\.m2\repository\webdriver\chromedriver\win32\79.0.3945.36\chromedriver.exe, C:\Users\satya\.m2\repository\webdriver\chromedriver\win32\80.0.3987.106\chromedriver.exe, C:\Users\satya\.m2\repository\webdriver\chromedriver\win32\81.0.4044.138\chromedriver.exe] -- output list [C:\Users\satya\.m2\repository\webdriver\chromedriver\win32\75.0.3770.140\chromedriver.exe, C:\Users\satya\.m2\repository\webdriver\chromedriver\win32\76.0.3809.25\chromedriver.exe, C:\Users\satya\.m2\repository\webdriver\chromedriver\win32\76.0.3809.68\chromedriver.exe, C:\Users\satya\.m2\repository\webdriver\chromedriver\win32\77.0.3865.40\chromedriver.exe, C:\Users\satya\.m2\repository\webdriver\chromedriver\win32\78.0.3904.105\chromedriver.exe, C:\Users\satya\.m2\repository\webdriver\chromedriver\win32\78.0.3904.70\chromedriver.exe, C:\Users\satya\.m2\repository\webdriver\chromedriver\win32\79.0.3945.36\chromedriver.exe, C:\Users\satya\.m2\repository\webdriver\chromedriver\win32\80.0.3987.106\chromedriver.exe, C:\Users\satya\.m2\repository\webdriver\chromedriver\win32\81.0.4044.138\chromedriver.exe] 
21:20:20.066 [main] TRACE io.github.bonigarcia.wdm.WebDriverManager - Filter cache by 81.0.4044.138 -- input list [C:\Users\satya\.m2\repository\webdriver\chromedriver\win32\75.0.3770.140\chromedriver.exe, C:\Users\satya\.m2\repository\webdriver\chromedriver\win32\76.0.3809.25\chromedriver.exe, C:\Users\satya\.m2\repository\webdriver\chromedriver\win32\76.0.3809.68\chromedriver.exe, C:\Users\satya\.m2\repository\webdriver\chromedriver\win32\77.0.3865.40\chromedriver.exe, C:\Users\satya\.m2\repository\webdriver\chromedriver\win32\78.0.3904.105\chromedriver.exe, C:\Users\satya\.m2\repository\webdriver\chromedriver\win32\78.0.3904.70\chromedriver.exe, C:\Users\satya\.m2\repository\webdriver\chromedriver\win32\79.0.3945.36\chromedriver.exe, C:\Users\satya\.m2\repository\webdriver\chromedriver\win32\80.0.3987.106\chromedriver.exe, C:\Users\satya\.m2\repository\webdriver\chromedriver\win32\81.0.4044.138\chromedriver.exe] -- output list [C:\Users\satya\.m2\repository\webdriver\chromedriver\win32\81.0.4044.138\chromedriver.exe] 
21:20:20.066 [main] TRACE io.github.bonigarcia.wdm.WebDriverManager - Filter cache by win -- input list [C:\Users\satya\.m2\repository\webdriver\chromedriver\win32\81.0.4044.138\chromedriver.exe] -- output list [C:\Users\satya\.m2\repository\webdriver\chromedriver\win32\81.0.4044.138\chromedriver.exe] 
21:20:20.067 [main] TRACE io.github.bonigarcia.wdm.WebDriverManager - Using preferences true
21:20:20.069 [main] TRACE io.github.bonigarcia.wdm.WebDriverManager - Using preferences true
21:20:20.070 [main] DEBUG io.github.bonigarcia.wdm.WebDriverManager - Driver chromedriver 81.0.4044.138 found in cache
21:20:20.072 [main] INFO  io.github.bonigarcia.wdm.WebDriverManager - Exporting webdriver.chrome.driver as C:\Users\satya\.m2\repository\webdriver\chromedriver\win32\81.0.4044.138\chromedriver.exe
21:20:23.324 [main] INFO  resources.baseClass - Driver is initialized
21:20:30.708 [main] INFO  resources.baseClass - Navigated to Practice Page
21:20:30.709 [main] INFO  resources.baseClass - PracticePageTest.RadioButtonExample
21:20:31.062 [main] INFO  resources.baseClass - Closing the driver
21:20:31.154 [main] TRACE io.github.bonigarcia.wdm.Config - Property wdm.chromeDriverVersion not found in /webdrivermanager.properties, using default values (in /webdrivermanager.properties)
21:20:31.156 [main] TRACE io.github.bonigarcia.wdm.Config - Property wdm.chromeDriverVersion not found in /webdrivermanager.properties, using blank value
21:20:31.157 [main] TRACE io.github.bonigarcia.wdm.Config - Property wdm.proxy not found in /webdrivermanager.properties, using default values (in /webdrivermanager.properties)
21:20:31.158 [main] TRACE io.github.bonigarcia.wdm.Config - Property wdm.proxy not found in /webdrivermanager.properties, using blank value
21:20:31.167 [main] TRACE io.github.bonigarcia.wdm.Config - Property wdm.binaryPath not found in /webdrivermanager.properties, using default values (in /webdrivermanager.properties)
21:20:31.169 [main] TRACE io.github.bonigarcia.wdm.Config - Property wdm.binaryPath not found in /webdrivermanager.properties, using blank value
21:20:31.170 [main] TRACE io.github.bonigarcia.wdm.Shell - Running command on the shell: [wmic, datafile, where, name='C:\\Program Files (x86)\\Google\\Chrome\\Application\\chrome.exe', get, Version, /value]
21:20:31.326 [main] TRACE io.github.bonigarcia.wdm.Shell - Result: Version=81.0.4044.138
21:20:31.326 [main] TRACE io.github.bonigarcia.wdm.WebDriverManager - Detected Google Chrome version 81
21:20:31.327 [main] TRACE io.github.bonigarcia.wdm.WebDriverManager - Using preferences true
21:20:31.328 [main] DEBUG io.github.bonigarcia.wdm.Preferences - Preference found chrome81=81.0.4044.138 (valid until 2020-05-13 22:13:18)
21:20:31.328 [main] INFO  io.github.bonigarcia.wdm.WebDriverManager - Using chromedriver 81.0.4044.138 (since Google Chrome 81 is installed in your machine)
21:20:31.328 [main] TRACE io.github.bonigarcia.wdm.WebDriverManager - Managing chromedriver arch=64 version=81.0.4044.138 getLatest=false cache=false
21:20:31.328 [main] TRACE io.github.bonigarcia.wdm.WebDriverManager - Checking if chromedriver exists in cache
21:20:31.330 [main] TRACE io.github.bonigarcia.wdm.Downloader - Target path C:\Users\satya/.m2/repository/webdriver
21:20:31.336 [main] TRACE io.github.bonigarcia.wdm.WebDriverManager - Filter cache by chromedriver -- input list [C:\Users\satya\.m2\repository\webdriver\chromedriver\win32\75.0.3770.140\chromedriver.exe, C:\Users\satya\.m2\repository\webdriver\chromedriver\win32\76.0.3809.25\chromedriver.exe, C:\Users\satya\.m2\repository\webdriver\chromedriver\win32\76.0.3809.68\chromedriver.exe, C:\Users\satya\.m2\repository\webdriver\chromedriver\win32\77.0.3865.40\chromedriver.exe, C:\Users\satya\.m2\repository\webdriver\chromedriver\win32\78.0.3904.105\chromedriver.exe, C:\Users\satya\.m2\repository\webdriver\chromedriver\win32\78.0.3904.70\chromedriver.exe, C:\Users\satya\.m2\repository\webdriver\chromedriver\win32\79.0.3945.36\chromedriver.exe, C:\Users\satya\.m2\repository\webdriver\chromedriver\win32\80.0.3987.106\chromedriver.exe, C:\Users\satya\.m2\repository\webdriver\chromedriver\win32\81.0.4044.138\chromedriver.exe] -- output list [C:\Users\satya\.m2\repository\webdriver\chromedriver\win32\75.0.3770.140\chromedriver.exe, C:\Users\satya\.m2\repository\webdriver\chromedriver\win32\76.0.3809.25\chromedriver.exe, C:\Users\satya\.m2\repository\webdriver\chromedriver\win32\76.0.3809.68\chromedriver.exe, C:\Users\satya\.m2\repository\webdriver\chromedriver\win32\77.0.3865.40\chromedriver.exe, C:\Users\satya\.m2\repository\webdriver\chromedriver\win32\78.0.3904.105\chromedriver.exe, C:\Users\satya\.m2\repository\webdriver\chromedriver\win32\78.0.3904.70\chromedriver.exe, C:\Users\satya\.m2\repository\webdriver\chromedriver\win32\79.0.3945.36\chromedriver.exe, C:\Users\satya\.m2\repository\webdriver\chromedriver\win32\80.0.3987.106\chromedriver.exe, C:\Users\satya\.m2\repository\webdriver\chromedriver\win32\81.0.4044.138\chromedriver.exe] 
21:20:31.336 [main] TRACE io.github.bonigarcia.wdm.WebDriverManager - Filter cache by 81.0.4044.138 -- input list [C:\Users\satya\.m2\repository\webdriver\chromedriver\win32\75.0.3770.140\chromedriver.exe, C:\Users\satya\.m2\repository\webdriver\chromedriver\win32\76.0.3809.25\chromedriver.exe, C:\Users\satya\.m2\repository\webdriver\chromedriver\win32\76.0.3809.68\chromedriver.exe, C:\Users\satya\.m2\repository\webdriver\chromedriver\win32\77.0.3865.40\chromedriver.exe, C:\Users\satya\.m2\repository\webdriver\chromedriver\win32\78.0.3904.105\chromedriver.exe, C:\Users\satya\.m2\repository\webdriver\chromedriver\win32\78.0.3904.70\chromedriver.exe, C:\Users\satya\.m2\repository\webdriver\chromedriver\win32\79.0.3945.36\chromedriver.exe, C:\Users\satya\.m2\repository\webdriver\chromedriver\win32\80.0.3987.106\chromedriver.exe, C:\Users\satya\.m2\repository\webdriver\chromedriver\win32\81.0.4044.138\chromedriver.exe] -- output list [C:\Users\satya\.m2\repository\webdriver\chromedriver\win32\81.0.4044.138\chromedriver.exe] 
21:20:31.338 [main] TRACE io.github.bonigarcia.wdm.WebDriverManager - Filter cache by win -- input list [C:\Users\satya\.m2\repository\webdriver\chromedriver\win32\81.0.4044.138\chromedriver.exe] -- output list [C:\Users\satya\.m2\repository\webdriver\chromedriver\win32\81.0.4044.138\chromedriver.exe] 
21:20:31.340 [main] TRACE io.github.bonigarcia.wdm.WebDriverManager - Using preferences true
21:20:31.342 [main] TRACE io.github.bonigarcia.wdm.WebDriverManager - Using preferences true
21:20:31.342 [main] DEBUG io.github.bonigarcia.wdm.WebDriverManager - Driver chromedriver 81.0.4044.138 found in cache
21:20:31.343 [main] INFO  io.github.bonigarcia.wdm.WebDriverManager - Exporting webdriver.chrome.driver as C:\Users\satya\.m2\repository\webdriver\chromedriver\win32\81.0.4044.138\chromedriver.exe
21:20:34.592 [main] INFO  resources.baseClass - Driver is initialized
21:20:42.342 [main] INFO  resources.baseClass - Navigated to Practice Page
21:20:42.343 [main] INFO  resources.baseClass - PracticePageTest.RadioButtons
21:20:42.343 [main] INFO  resources.baseClass - The radio button to be selected is 2
21:20:43.465 [main] INFO  resources.baseClass - Check the 'Radiobuttons.png' file in 'TestFailureScreenshots' folder situated in the basepath
21:20:43.466 [main] INFO  resources.baseClass - Closing the driver
21:20:43.599 [main] TRACE io.github.bonigarcia.wdm.Config - Property wdm.chromeDriverVersion not found in /webdrivermanager.properties, using default values (in /webdrivermanager.properties)
21:20:43.600 [main] TRACE io.github.bonigarcia.wdm.Config - Property wdm.chromeDriverVersion not found in /webdrivermanager.properties, using blank value
21:20:43.602 [main] TRACE io.github.bonigarcia.wdm.Config - Property wdm.proxy not found in /webdrivermanager.properties, using default values (in /webdrivermanager.properties)
21:20:43.603 [main] TRACE io.github.bonigarcia.wdm.Config - Property wdm.proxy not found in /webdrivermanager.properties, using blank value
21:20:43.608 [main] TRACE io.github.bonigarcia.wdm.Config - Property wdm.binaryPath not found in /webdrivermanager.properties, using default values (in /webdrivermanager.properties)
21:20:43.609 [main] TRACE io.github.bonigarcia.wdm.Config - Property wdm.binaryPath not found in /webdrivermanager.properties, using blank value
21:20:43.610 [main] TRACE io.github.bonigarcia.wdm.Shell - Running command on the shell: [wmic, datafile, where, name='C:\\Program Files (x86)\\Google\\Chrome\\Application\\chrome.exe', get, Version, /value]
21:20:43.754 [main] TRACE io.github.bonigarcia.wdm.Shell - Result: Version=81.0.4044.138
21:20:43.754 [main] TRACE io.github.bonigarcia.wdm.WebDriverManager - Detected Google Chrome version 81
21:20:43.755 [main] TRACE io.github.bonigarcia.wdm.WebDriverManager - Using preferences true
21:20:43.755 [main] DEBUG io.github.bonigarcia.wdm.Preferences - Preference found chrome81=81.0.4044.138 (valid until 2020-05-13 22:13:18)
21:20:43.756 [main] INFO  io.github.bonigarcia.wdm.WebDriverManager - Using chromedriver 81.0.4044.138 (since Google Chrome 81 is installed in your machine)
21:20:43.756 [main] TRACE io.github.bonigarcia.wdm.WebDriverManager - Managing chromedriver arch=64 version=81.0.4044.138 getLatest=false cache=false
21:20:43.756 [main] TRACE io.github.bonigarcia.wdm.WebDriverManager - Checking if chromedriver exists in cache
21:20:43.756 [main] TRACE io.github.bonigarcia.wdm.Downloader - Target path C:\Users\satya/.m2/repository/webdriver
21:20:43.761 [main] TRACE io.github.bonigarcia.wdm.WebDriverManager - Filter cache by chromedriver -- input list [C:\Users\satya\.m2\repository\webdriver\chromedriver\win32\75.0.3770.140\chromedriver.exe, C:\Users\satya\.m2\repository\webdriver\chromedriver\win32\76.0.3809.25\chromedriver.exe, C:\Users\satya\.m2\repository\webdriver\chromedriver\win32\76.0.3809.68\chromedriver.exe, C:\Users\satya\.m2\repository\webdriver\chromedriver\win32\77.0.3865.40\chromedriver.exe, C:\Users\satya\.m2\repository\webdriver\chromedriver\win32\78.0.3904.105\chromedriver.exe, C:\Users\satya\.m2\repository\webdriver\chromedriver\win32\78.0.3904.70\chromedriver.exe, C:\Users\satya\.m2\repository\webdriver\chromedriver\win32\79.0.3945.36\chromedriver.exe, C:\Users\satya\.m2\repository\webdriver\chromedriver\win32\80.0.3987.106\chromedriver.exe, C:\Users\satya\.m2\repository\webdriver\chromedriver\win32\81.0.4044.138\chromedriver.exe] -- output list [C:\Users\satya\.m2\repository\webdriver\chromedriver\win32\75.0.3770.140\chromedriver.exe, C:\Users\satya\.m2\repository\webdriver\chromedriver\win32\76.0.3809.25\chromedriver.exe, C:\Users\satya\.m2\repository\webdriver\chromedriver\win32\76.0.3809.68\chromedriver.exe, C:\Users\satya\.m2\repository\webdriver\chromedriver\win32\77.0.3865.40\chromedriver.exe, C:\Users\satya\.m2\repository\webdriver\chromedriver\win32\78.0.3904.105\chromedriver.exe, C:\Users\satya\.m2\repository\webdriver\chromedriver\win32\78.0.3904.70\chromedriver.exe, C:\Users\satya\.m2\repository\webdriver\chromedriver\win32\79.0.3945.36\chromedriver.exe, C:\Users\satya\.m2\repository\webdriver\chromedriver\win32\80.0.3987.106\chromedriver.exe, C:\Users\satya\.m2\repository\webdriver\chromedriver\win32\81.0.4044.138\chromedriver.exe] 
21:20:43.762 [main] TRACE io.github.bonigarcia.wdm.WebDriverManager - Filter cache by 81.0.4044.138 -- input list [C:\Users\satya\.m2\repository\webdriver\chromedriver\win32\75.0.3770.140\chromedriver.exe, C:\Users\satya\.m2\repository\webdriver\chromedriver\win32\76.0.3809.25\chromedriver.exe, C:\Users\satya\.m2\repository\webdriver\chromedriver\win32\76.0.3809.68\chromedriver.exe, C:\Users\satya\.m2\repository\webdriver\chromedriver\win32\77.0.3865.40\chromedriver.exe, C:\Users\satya\.m2\repository\webdriver\chromedriver\win32\78.0.3904.105\chromedriver.exe, C:\Users\satya\.m2\repository\webdriver\chromedriver\win32\78.0.3904.70\chromedriver.exe, C:\Users\satya\.m2\repository\webdriver\chromedriver\win32\79.0.3945.36\chromedriver.exe, C:\Users\satya\.m2\repository\webdriver\chromedriver\win32\80.0.3987.106\chromedriver.exe, C:\Users\satya\.m2\repository\webdriver\chromedriver\win32\81.0.4044.138\chromedriver.exe] -- output list [C:\Users\satya\.m2\repository\webdriver\chromedriver\win32\81.0.4044.138\chromedriver.exe] 
21:20:43.762 [main] TRACE io.github.bonigarcia.wdm.WebDriverManager - Filter cache by win -- input list [C:\Users\satya\.m2\repository\webdriver\chromedriver\win32\81.0.4044.138\chromedriver.exe] -- output list [C:\Users\satya\.m2\repository\webdriver\chromedriver\win32\81.0.4044.138\chromedriver.exe] 
21:20:43.763 [main] TRACE io.github.bonigarcia.wdm.WebDriverManager - Using preferences true
21:20:43.765 [main] TRACE io.github.bonigarcia.wdm.WebDriverManager - Using preferences true
21:20:43.765 [main] DEBUG io.github.bonigarcia.wdm.WebDriverManager - Driver chromedriver 81.0.4044.138 found in cache
21:20:43.767 [main] INFO  io.github.bonigarcia.wdm.WebDriverManager - Exporting webdriver.chrome.driver as C:\Users\satya\.m2\repository\webdriver\chromedriver\win32\81.0.4044.138\chromedriver.exe
21:20:43.792 [Finalizer] DEBUG org.apache.http.impl.conn.PoolingHttpClientConnectionManager - Connection manager is shutting down
21:20:43.793 [Finalizer] DEBUG org.apache.http.impl.conn.PoolingHttpClientConnectionManager - Connection manager shut down
21:20:43.793 [Finalizer] DEBUG org.apache.http.impl.conn.PoolingHttpClientConnectionManager - Connection manager is shutting down
21:20:43.793 [Finalizer] DEBUG org.apache.http.impl.conn.PoolingHttpClientConnectionManager - Connection manager shut down
21:20:43.793 [Finalizer] DEBUG org.apache.http.impl.conn.PoolingHttpClientConnectionManager - Connection manager is shutting down
21:20:43.794 [Finalizer] DEBUG org.apache.http.impl.conn.PoolingHttpClientConnectionManager - Connection manager shut down
21:20:43.794 [Finalizer] DEBUG org.apache.http.impl.conn.PoolingHttpClientConnectionManager - Connection manager is shutting down
21:20:43.794 [Finalizer] DEBUG org.apache.http.impl.conn.PoolingHttpClientConnectionManager - Connection manager shut down
21:20:47.005 [main] INFO  resources.baseClass - Driver is initialized
21:20:56.715 [main] INFO  resources.baseClass - Navigated to Practice Page
21:20:56.716 [main] INFO  resources.baseClass - PracticePageTest.SuggestionClassTitle
21:20:57.077 [main] INFO  resources.baseClass - Closing the driver
21:20:57.170 [main] TRACE io.github.bonigarcia.wdm.Config - Property wdm.chromeDriverVersion not found in /webdrivermanager.properties, using default values (in /webdrivermanager.properties)
21:20:57.171 [main] TRACE io.github.bonigarcia.wdm.Config - Property wdm.chromeDriverVersion not found in /webdrivermanager.properties, using blank value
21:20:57.171 [main] TRACE io.github.bonigarcia.wdm.Config - Property wdm.proxy not found in /webdrivermanager.properties, using default values (in /webdrivermanager.properties)
21:20:57.172 [main] TRACE io.github.bonigarcia.wdm.Config - Property wdm.proxy not found in /webdrivermanager.properties, using blank value
21:20:57.177 [main] TRACE io.github.bonigarcia.wdm.Config - Property wdm.binaryPath not found in /webdrivermanager.properties, using default values (in /webdrivermanager.properties)
21:20:57.178 [main] TRACE io.github.bonigarcia.wdm.Config - Property wdm.binaryPath not found in /webdrivermanager.properties, using blank value
21:20:57.178 [main] TRACE io.github.bonigarcia.wdm.Shell - Running command on the shell: [wmic, datafile, where, name='C:\\Program Files (x86)\\Google\\Chrome\\Application\\chrome.exe', get, Version, /value]
21:20:57.334 [main] TRACE io.github.bonigarcia.wdm.Shell - Result: Version=81.0.4044.138
21:20:57.335 [main] TRACE io.github.bonigarcia.wdm.WebDriverManager - Detected Google Chrome version 81
21:20:57.337 [main] TRACE io.github.bonigarcia.wdm.WebDriverManager - Using preferences true
21:20:57.338 [main] DEBUG io.github.bonigarcia.wdm.Preferences - Preference found chrome81=81.0.4044.138 (valid until 2020-05-13 22:13:18)
21:20:57.338 [main] INFO  io.github.bonigarcia.wdm.WebDriverManager - Using chromedriver 81.0.4044.138 (since Google Chrome 81 is installed in your machine)
21:20:57.339 [main] TRACE io.github.bonigarcia.wdm.WebDriverManager - Managing chromedriver arch=64 version=81.0.4044.138 getLatest=false cache=false
21:20:57.339 [main] TRACE io.github.bonigarcia.wdm.WebDriverManager - Checking if chromedriver exists in cache
21:20:57.340 [main] TRACE io.github.bonigarcia.wdm.Downloader - Target path C:\Users\satya/.m2/repository/webdriver
21:20:57.347 [main] TRACE io.github.bonigarcia.wdm.WebDriverManager - Filter cache by chromedriver -- input list [C:\Users\satya\.m2\repository\webdriver\chromedriver\win32\75.0.3770.140\chromedriver.exe, C:\Users\satya\.m2\repository\webdriver\chromedriver\win32\76.0.3809.25\chromedriver.exe, C:\Users\satya\.m2\repository\webdriver\chromedriver\win32\76.0.3809.68\chromedriver.exe, C:\Users\satya\.m2\repository\webdriver\chromedriver\win32\77.0.3865.40\chromedriver.exe, C:\Users\satya\.m2\repository\webdriver\chromedriver\win32\78.0.3904.105\chromedriver.exe, C:\Users\satya\.m2\repository\webdriver\chromedriver\win32\78.0.3904.70\chromedriver.exe, C:\Users\satya\.m2\repository\webdriver\chromedriver\win32\79.0.3945.36\chromedriver.exe, C:\Users\satya\.m2\repository\webdriver\chromedriver\win32\80.0.3987.106\chromedriver.exe, C:\Users\satya\.m2\repository\webdriver\chromedriver\win32\81.0.4044.138\chromedriver.exe] -- output list [C:\Users\satya\.m2\repository\webdriver\chromedriver\win32\75.0.3770.140\chromedriver.exe, C:\Users\satya\.m2\repository\webdriver\chromedriver\win32\76.0.3809.25\chromedriver.exe, C:\Users\satya\.m2\repository\webdriver\chromedriver\win32\76.0.3809.68\chromedriver.exe, C:\Users\satya\.m2\repository\webdriver\chromedriver\win32\77.0.3865.40\chromedriver.exe, C:\Users\satya\.m2\repository\webdriver\chromedriver\win32\78.0.3904.105\chromedriver.exe, C:\Users\satya\.m2\repository\webdriver\chromedriver\win32\78.0.3904.70\chromedriver.exe, C:\Users\satya\.m2\repository\webdriver\chromedriver\win32\79.0.3945.36\chromedriver.exe, C:\Users\satya\.m2\repository\webdriver\chromedriver\win32\80.0.3987.106\chromedriver.exe, C:\Users\satya\.m2\repository\webdriver\chromedriver\win32\81.0.4044.138\chromedriver.exe] 
21:20:57.348 [main] TRACE io.github.bonigarcia.wdm.WebDriverManager - Filter cache by 81.0.4044.138 -- input list [C:\Users\satya\.m2\repository\webdriver\chromedriver\win32\75.0.3770.140\chromedriver.exe, C:\Users\satya\.m2\repository\webdriver\chromedriver\win32\76.0.3809.25\chromedriver.exe, C:\Users\satya\.m2\repository\webdriver\chromedriver\win32\76.0.3809.68\chromedriver.exe, C:\Users\satya\.m2\repository\webdriver\chromedriver\win32\77.0.3865.40\chromedriver.exe, C:\Users\satya\.m2\repository\webdriver\chromedriver\win32\78.0.3904.105\chromedriver.exe, C:\Users\satya\.m2\repository\webdriver\chromedriver\win32\78.0.3904.70\chromedriver.exe, C:\Users\satya\.m2\repository\webdriver\chromedriver\win32\79.0.3945.36\chromedriver.exe, C:\Users\satya\.m2\repository\webdriver\chromedriver\win32\80.0.3987.106\chromedriver.exe, C:\Users\satya\.m2\repository\webdriver\chromedriver\win32\81.0.4044.138\chromedriver.exe] -- output list [C:\Users\satya\.m2\repository\webdriver\chromedriver\win32\81.0.4044.138\chromedriver.exe] 
21:20:57.348 [main] TRACE io.github.bonigarcia.wdm.WebDriverManager - Filter cache by win -- input list [C:\Users\satya\.m2\repository\webdriver\chromedriver\win32\81.0.4044.138\chromedriver.exe] -- output list [C:\Users\satya\.m2\repository\webdriver\chromedriver\win32\81.0.4044.138\chromedriver.exe] 
21:20:57.349 [main] TRACE io.github.bonigarcia.wdm.WebDriverManager - Using preferences true
21:20:57.353 [main] TRACE io.github.bonigarcia.wdm.WebDriverManager - Using preferences true
21:20:57.354 [main] DEBUG io.github.bonigarcia.wdm.WebDriverManager - Driver chromedriver 81.0.4044.138 found in cache
21:20:57.356 [main] INFO  io.github.bonigarcia.wdm.WebDriverManager - Exporting webdriver.chrome.driver as C:\Users\satya\.m2\repository\webdriver\chromedriver\win32\81.0.4044.138\chromedriver.exe
21:21:00.614 [main] INFO  resources.baseClass - Driver is initialized
21:21:08.000 [main] INFO  resources.baseClass - Navigated to Practice Page
21:21:08.001 [main] INFO  resources.baseClass - PracticePageTest.TitleTextValidation
21:21:08.325 [main] INFO  resources.baseClass - Successfully validated Text Message on Practice Page
21:21:08.351 [main] INFO  resources.baseClass - Closing the driver
21:21:08.447 [main] TRACE io.github.bonigarcia.wdm.Config - Property wdm.chromeDriverVersion not found in /webdrivermanager.properties, using default values (in /webdrivermanager.properties)
21:21:08.449 [main] TRACE io.github.bonigarcia.wdm.Config - Property wdm.chromeDriverVersion not found in /webdrivermanager.properties, using blank value
21:21:08.450 [main] TRACE io.github.bonigarcia.wdm.Config - Property wdm.proxy not found in /webdrivermanager.properties, using default values (in /webdrivermanager.properties)
21:21:08.451 [main] TRACE io.github.bonigarcia.wdm.Config - Property wdm.proxy not found in /webdrivermanager.properties, using blank value
21:21:08.458 [main] TRACE io.github.bonigarcia.wdm.Config - Property wdm.binaryPath not found in /webdrivermanager.properties, using default values (in /webdrivermanager.properties)
21:21:08.459 [main] TRACE io.github.bonigarcia.wdm.Config - Property wdm.binaryPath not found in /webdrivermanager.properties, using blank value
21:21:08.460 [main] TRACE io.github.bonigarcia.wdm.Shell - Running command on the shell: [wmic, datafile, where, name='C:\\Program Files (x86)\\Google\\Chrome\\Application\\chrome.exe', get, Version, /value]
21:21:08.610 [main] TRACE io.github.bonigarcia.wdm.Shell - Result: Version=81.0.4044.138
21:21:08.611 [main] TRACE io.github.bonigarcia.wdm.WebDriverManager - Detected Google Chrome version 81
21:21:08.612 [main] TRACE io.github.bonigarcia.wdm.WebDriverManager - Using preferences true
21:21:08.613 [main] DEBUG io.github.bonigarcia.wdm.Preferences - Preference found chrome81=81.0.4044.138 (valid until 2020-05-13 22:13:18)
21:21:08.613 [main] INFO  io.github.bonigarcia.wdm.WebDriverManager - Using chromedriver 81.0.4044.138 (since Google Chrome 81 is installed in your machine)
21:21:08.613 [main] TRACE io.github.bonigarcia.wdm.WebDriverManager - Managing chromedriver arch=64 version=81.0.4044.138 getLatest=false cache=false
21:21:08.613 [main] TRACE io.github.bonigarcia.wdm.WebDriverManager - Checking if chromedriver exists in cache
21:21:08.614 [main] TRACE io.github.bonigarcia.wdm.Downloader - Target path C:\Users\satya/.m2/repository/webdriver
21:21:08.620 [main] TRACE io.github.bonigarcia.wdm.WebDriverManager - Filter cache by chromedriver -- input list [C:\Users\satya\.m2\repository\webdriver\chromedriver\win32\75.0.3770.140\chromedriver.exe, C:\Users\satya\.m2\repository\webdriver\chromedriver\win32\76.0.3809.25\chromedriver.exe, C:\Users\satya\.m2\repository\webdriver\chromedriver\win32\76.0.3809.68\chromedriver.exe, C:\Users\satya\.m2\repository\webdriver\chromedriver\win32\77.0.3865.40\chromedriver.exe, C:\Users\satya\.m2\repository\webdriver\chromedriver\win32\78.0.3904.105\chromedriver.exe, C:\Users\satya\.m2\repository\webdriver\chromedriver\win32\78.0.3904.70\chromedriver.exe, C:\Users\satya\.m2\repository\webdriver\chromedriver\win32\79.0.3945.36\chromedriver.exe, C:\Users\satya\.m2\repository\webdriver\chromedriver\win32\80.0.3987.106\chromedriver.exe, C:\Users\satya\.m2\repository\webdriver\chromedriver\win32\81.0.4044.138\chromedriver.exe] -- output list [C:\Users\satya\.m2\repository\webdriver\chromedriver\win32\75.0.3770.140\chromedriver.exe, C:\Users\satya\.m2\repository\webdriver\chromedriver\win32\76.0.3809.25\chromedriver.exe, C:\Users\satya\.m2\repository\webdriver\chromedriver\win32\76.0.3809.68\chromedriver.exe, C:\Users\satya\.m2\repository\webdriver\chromedriver\win32\77.0.3865.40\chromedriver.exe, C:\Users\satya\.m2\repository\webdriver\chromedriver\win32\78.0.3904.105\chromedriver.exe, C:\Users\satya\.m2\repository\webdriver\chromedriver\win32\78.0.3904.70\chromedriver.exe, C:\Users\satya\.m2\repository\webdriver\chromedriver\win32\79.0.3945.36\chromedriver.exe, C:\Users\satya\.m2\repository\webdriver\chromedriver\win32\80.0.3987.106\chromedriver.exe, C:\Users\satya\.m2\repository\webdriver\chromedriver\win32\81.0.4044.138\chromedriver.exe] 
21:21:08.620 [main] TRACE io.github.bonigarcia.wdm.WebDriverManager - Filter cache by 81.0.4044.138 -- input list [C:\Users\satya\.m2\repository\webdriver\chromedriver\win32\75.0.3770.140\chromedriver.exe, C:\Users\satya\.m2\repository\webdriver\chromedriver\win32\76.0.3809.25\chromedriver.exe, C:\Users\satya\.m2\repository\webdriver\chromedriver\win32\76.0.3809.68\chromedriver.exe, C:\Users\satya\.m2\repository\webdriver\chromedriver\win32\77.0.3865.40\chromedriver.exe, C:\Users\satya\.m2\repository\webdriver\chromedriver\win32\78.0.3904.105\chromedriver.exe, C:\Users\satya\.m2\repository\webdriver\chromedriver\win32\78.0.3904.70\chromedriver.exe, C:\Users\satya\.m2\repository\webdriver\chromedriver\win32\79.0.3945.36\chromedriver.exe, C:\Users\satya\.m2\repository\webdriver\chromedriver\win32\80.0.3987.106\chromedriver.exe, C:\Users\satya\.m2\repository\webdriver\chromedriver\win32\81.0.4044.138\chromedriver.exe] -- output list [C:\Users\satya\.m2\repository\webdriver\chromedriver\win32\81.0.4044.138\chromedriver.exe] 
21:21:08.620 [main] TRACE io.github.bonigarcia.wdm.WebDriverManager - Filter cache by win -- input list [C:\Users\satya\.m2\repository\webdriver\chromedriver\win32\81.0.4044.138\chromedriver.exe] -- output list [C:\Users\satya\.m2\repository\webdriver\chromedriver\win32\81.0.4044.138\chromedriver.exe] 
21:21:08.623 [main] TRACE io.github.bonigarcia.wdm.WebDriverManager - Using preferences true
21:21:08.624 [main] TRACE io.github.bonigarcia.wdm.WebDriverManager - Using preferences true
21:21:08.625 [main] DEBUG io.github.bonigarcia.wdm.WebDriverManager - Driver chromedriver 81.0.4044.138 found in cache
21:21:08.626 [main] INFO  io.github.bonigarcia.wdm.WebDriverManager - Exporting webdriver.chrome.driver as C:\Users\satya\.m2\repository\webdriver\chromedriver\win32\81.0.4044.138\chromedriver.exe
21:21:08.635 [Finalizer] DEBUG org.apache.http.impl.conn.PoolingHttpClientConnectionManager - Connection manager is shutting down
21:21:08.635 [Finalizer] DEBUG org.apache.http.impl.conn.PoolingHttpClientConnectionManager - Connection manager shut down
21:21:08.635 [Finalizer] DEBUG org.apache.http.impl.conn.PoolingHttpClientConnectionManager - Connection manager is shutting down
21:21:08.635 [Finalizer] DEBUG org.apache.http.impl.conn.PoolingHttpClientConnectionManager - Connection manager shut down
21:21:11.940 [main] INFO  resources.baseClass - Driver is initialized
21:21:19.345 [main] INFO  resources.baseClass - Navigated to Practice Page
21:21:19.346 [main] INFO  resources.baseClass - PracticePageTest.getSuggestedCountry
21:21:19.346 [main] INFO  resources.baseClass - Change the 'countrykeyword' and 'country' property values in the properties file accordingly
21:21:29.725 [main] INFO  resources.baseClass - Closing the driver
21:21:29.836 [main] TRACE io.github.bonigarcia.wdm.Config - Property wdm.chromeDriverVersion not found in /webdrivermanager.properties, using default values (in /webdrivermanager.properties)
21:21:29.837 [main] TRACE io.github.bonigarcia.wdm.Config - Property wdm.chromeDriverVersion not found in /webdrivermanager.properties, using blank value
21:21:29.838 [main] TRACE io.github.bonigarcia.wdm.Config - Property wdm.proxy not found in /webdrivermanager.properties, using default values (in /webdrivermanager.properties)
21:21:29.839 [main] TRACE io.github.bonigarcia.wdm.Config - Property wdm.proxy not found in /webdrivermanager.properties, using blank value
21:21:29.844 [main] TRACE io.github.bonigarcia.wdm.Config - Property wdm.binaryPath not found in /webdrivermanager.properties, using default values (in /webdrivermanager.properties)
21:21:29.845 [main] TRACE io.github.bonigarcia.wdm.Config - Property wdm.binaryPath not found in /webdrivermanager.properties, using blank value
21:21:29.845 [main] TRACE io.github.bonigarcia.wdm.Shell - Running command on the shell: [wmic, datafile, where, name='C:\\Program Files (x86)\\Google\\Chrome\\Application\\chrome.exe', get, Version, /value]
21:21:30.001 [main] TRACE io.github.bonigarcia.wdm.Shell - Result: Version=81.0.4044.138
21:21:30.002 [main] TRACE io.github.bonigarcia.wdm.WebDriverManager - Detected Google Chrome version 81
21:21:30.003 [main] TRACE io.github.bonigarcia.wdm.WebDriverManager - Using preferences true
21:21:30.004 [main] DEBUG io.github.bonigarcia.wdm.Preferences - Preference found chrome81=81.0.4044.138 (valid until 2020-05-13 22:13:18)
21:21:30.004 [main] INFO  io.github.bonigarcia.wdm.WebDriverManager - Using chromedriver 81.0.4044.138 (since Google Chrome 81 is installed in your machine)
21:21:30.004 [main] TRACE io.github.bonigarcia.wdm.WebDriverManager - Managing chromedriver arch=64 version=81.0.4044.138 getLatest=false cache=false
21:21:30.004 [main] TRACE io.github.bonigarcia.wdm.WebDriverManager - Checking if chromedriver exists in cache
21:21:30.005 [main] TRACE io.github.bonigarcia.wdm.Downloader - Target path C:\Users\satya/.m2/repository/webdriver
21:21:30.009 [main] TRACE io.github.bonigarcia.wdm.WebDriverManager - Filter cache by chromedriver -- input list [C:\Users\satya\.m2\repository\webdriver\chromedriver\win32\75.0.3770.140\chromedriver.exe, C:\Users\satya\.m2\repository\webdriver\chromedriver\win32\76.0.3809.25\chromedriver.exe, C:\Users\satya\.m2\repository\webdriver\chromedriver\win32\76.0.3809.68\chromedriver.exe, C:\Users\satya\.m2\repository\webdriver\chromedriver\win32\77.0.3865.40\chromedriver.exe, C:\Users\satya\.m2\repository\webdriver\chromedriver\win32\78.0.3904.105\chromedriver.exe, C:\Users\satya\.m2\repository\webdriver\chromedriver\win32\78.0.3904.70\chromedriver.exe, C:\Users\satya\.m2\repository\webdriver\chromedriver\win32\79.0.3945.36\chromedriver.exe, C:\Users\satya\.m2\repository\webdriver\chromedriver\win32\80.0.3987.106\chromedriver.exe, C:\Users\satya\.m2\repository\webdriver\chromedriver\win32\81.0.4044.138\chromedriver.exe] -- output list [C:\Users\satya\.m2\repository\webdriver\chromedriver\win32\75.0.3770.140\chromedriver.exe, C:\Users\satya\.m2\repository\webdriver\chromedriver\win32\76.0.3809.25\chromedriver.exe, C:\Users\satya\.m2\repository\webdriver\chromedriver\win32\76.0.3809.68\chromedriver.exe, C:\Users\satya\.m2\repository\webdriver\chromedriver\win32\77.0.3865.40\chromedriver.exe, C:\Users\satya\.m2\repository\webdriver\chromedriver\win32\78.0.3904.105\chromedriver.exe, C:\Users\satya\.m2\repository\webdriver\chromedriver\win32\78.0.3904.70\chromedriver.exe, C:\Users\satya\.m2\repository\webdriver\chromedriver\win32\79.0.3945.36\chromedriver.exe, C:\Users\satya\.m2\repository\webdriver\chromedriver\win32\80.0.3987.106\chromedriver.exe, C:\Users\satya\.m2\repository\webdriver\chromedriver\win32\81.0.4044.138\chromedriver.exe] 
21:21:30.009 [main] TRACE io.github.bonigarcia.wdm.WebDriverManager - Filter cache by 81.0.4044.138 -- input list [C:\Users\satya\.m2\repository\webdriver\chromedriver\win32\75.0.3770.140\chromedriver.exe, C:\Users\satya\.m2\repository\webdriver\chromedriver\win32\76.0.3809.25\chromedriver.exe, C:\Users\satya\.m2\repository\webdriver\chromedriver\win32\76.0.3809.68\chromedriver.exe, C:\Users\satya\.m2\repository\webdriver\chromedriver\win32\77.0.3865.40\chromedriver.exe, C:\Users\satya\.m2\repository\webdriver\chromedriver\win32\78.0.3904.105\chromedriver.exe, C:\Users\satya\.m2\repository\webdriver\chromedriver\win32\78.0.3904.70\chromedriver.exe, C:\Users\satya\.m2\repository\webdriver\chromedriver\win32\79.0.3945.36\chromedriver.exe, C:\Users\satya\.m2\repository\webdriver\chromedriver\win32\80.0.3987.106\chromedriver.exe, C:\Users\satya\.m2\repository\webdriver\chromedriver\win32\81.0.4044.138\chromedriver.exe] -- output list [C:\Users\satya\.m2\repository\webdriver\chromedriver\win32\81.0.4044.138\chromedriver.exe] 
21:21:30.009 [main] TRACE io.github.bonigarcia.wdm.WebDriverManager - Filter cache by win -- input list [C:\Users\satya\.m2\repository\webdriver\chromedriver\win32\81.0.4044.138\chromedriver.exe] -- output list [C:\Users\satya\.m2\repository\webdriver\chromedriver\win32\81.0.4044.138\chromedriver.exe] 
21:21:30.010 [main] TRACE io.github.bonigarcia.wdm.WebDriverManager - Using preferences true
21:21:30.012 [main] TRACE io.github.bonigarcia.wdm.WebDriverManager - Using preferences true
21:21:30.012 [main] DEBUG io.github.bonigarcia.wdm.WebDriverManager - Driver chromedriver 81.0.4044.138 found in cache
21:21:30.013 [main] INFO  io.github.bonigarcia.wdm.WebDriverManager - Exporting webdriver.chrome.driver as C:\Users\satya\.m2\repository\webdriver\chromedriver\win32\81.0.4044.138\chromedriver.exe
21:21:33.302 [main] INFO  resources.baseClass - Driver is initialized
21:21:40.615 [main] INFO  resources.baseClass - Navigated to Practice Page
21:21:40.616 [main] INFO  resources.baseClass - PracticePageTest.selectCheckbox
21:21:41.087 [main] INFO  resources.baseClass - Closing the driver
21:21:41.200 [main] TRACE io.github.bonigarcia.wdm.Config - Property wdm.chromeDriverVersion not found in /webdrivermanager.properties, using default values (in /webdrivermanager.properties)
21:21:41.201 [main] TRACE io.github.bonigarcia.wdm.Config - Property wdm.chromeDriverVersion not found in /webdrivermanager.properties, using blank value
21:21:41.202 [main] TRACE io.github.bonigarcia.wdm.Config - Property wdm.proxy not found in /webdrivermanager.properties, using default values (in /webdrivermanager.properties)
21:21:41.203 [main] TRACE io.github.bonigarcia.wdm.Config - Property wdm.proxy not found in /webdrivermanager.properties, using blank value
21:21:41.207 [main] TRACE io.github.bonigarcia.wdm.Config - Property wdm.binaryPath not found in /webdrivermanager.properties, using default values (in /webdrivermanager.properties)
21:21:41.208 [main] TRACE io.github.bonigarcia.wdm.Config - Property wdm.binaryPath not found in /webdrivermanager.properties, using blank value
21:21:41.209 [main] TRACE io.github.bonigarcia.wdm.Shell - Running command on the shell: [wmic, datafile, where, name='C:\\Program Files (x86)\\Google\\Chrome\\Application\\chrome.exe', get, Version, /value]
21:21:41.360 [main] TRACE io.github.bonigarcia.wdm.Shell - Result: Version=81.0.4044.138
21:21:41.360 [main] TRACE io.github.bonigarcia.wdm.WebDriverManager - Detected Google Chrome version 81
21:21:41.362 [main] TRACE io.github.bonigarcia.wdm.WebDriverManager - Using preferences true
21:21:41.362 [main] DEBUG io.github.bonigarcia.wdm.Preferences - Preference found chrome81=81.0.4044.138 (valid until 2020-05-13 22:13:18)
21:21:41.363 [main] INFO  io.github.bonigarcia.wdm.WebDriverManager - Using chromedriver 81.0.4044.138 (since Google Chrome 81 is installed in your machine)
21:21:41.363 [main] TRACE io.github.bonigarcia.wdm.WebDriverManager - Managing chromedriver arch=64 version=81.0.4044.138 getLatest=false cache=false
21:21:41.363 [main] TRACE io.github.bonigarcia.wdm.WebDriverManager - Checking if chromedriver exists in cache
21:21:41.364 [main] TRACE io.github.bonigarcia.wdm.Downloader - Target path C:\Users\satya/.m2/repository/webdriver
21:21:41.369 [main] TRACE io.github.bonigarcia.wdm.WebDriverManager - Filter cache by chromedriver -- input list [C:\Users\satya\.m2\repository\webdriver\chromedriver\win32\75.0.3770.140\chromedriver.exe, C:\Users\satya\.m2\repository\webdriver\chromedriver\win32\76.0.3809.25\chromedriver.exe, C:\Users\satya\.m2\repository\webdriver\chromedriver\win32\76.0.3809.68\chromedriver.exe, C:\Users\satya\.m2\repository\webdriver\chromedriver\win32\77.0.3865.40\chromedriver.exe, C:\Users\satya\.m2\repository\webdriver\chromedriver\win32\78.0.3904.105\chromedriver.exe, C:\Users\satya\.m2\repository\webdriver\chromedriver\win32\78.0.3904.70\chromedriver.exe, C:\Users\satya\.m2\repository\webdriver\chromedriver\win32\79.0.3945.36\chromedriver.exe, C:\Users\satya\.m2\repository\webdriver\chromedriver\win32\80.0.3987.106\chromedriver.exe, C:\Users\satya\.m2\repository\webdriver\chromedriver\win32\81.0.4044.138\chromedriver.exe] -- output list [C:\Users\satya\.m2\repository\webdriver\chromedriver\win32\75.0.3770.140\chromedriver.exe, C:\Users\satya\.m2\repository\webdriver\chromedriver\win32\76.0.3809.25\chromedriver.exe, C:\Users\satya\.m2\repository\webdriver\chromedriver\win32\76.0.3809.68\chromedriver.exe, C:\Users\satya\.m2\repository\webdriver\chromedriver\win32\77.0.3865.40\chromedriver.exe, C:\Users\satya\.m2\repository\webdriver\chromedriver\win32\78.0.3904.105\chromedriver.exe, C:\Users\satya\.m2\repository\webdriver\chromedriver\win32\78.0.3904.70\chromedriver.exe, C:\Users\satya\.m2\repository\webdriver\chromedriver\win32\79.0.3945.36\chromedriver.exe, C:\Users\satya\.m2\repository\webdriver\chromedriver\win32\80.0.3987.106\chromedriver.exe, C:\Users\satya\.m2\repository\webdriver\chromedriver\win32\81.0.4044.138\chromedriver.exe] 
21:21:41.370 [main] TRACE io.github.bonigarcia.wdm.WebDriverManager - Filter cache by 81.0.4044.138 -- input list [C:\Users\satya\.m2\repository\webdriver\chromedriver\win32\75.0.3770.140\chromedriver.exe, C:\Users\satya\.m2\repository\webdriver\chromedriver\win32\76.0.3809.25\chromedriver.exe, C:\Users\satya\.m2\repository\webdriver\chromedriver\win32\76.0.3809.68\chromedriver.exe, C:\Users\satya\.m2\repository\webdriver\chromedriver\win32\77.0.3865.40\chromedriver.exe, C:\Users\satya\.m2\repository\webdriver\chromedriver\win32\78.0.3904.105\chromedriver.exe, C:\Users\satya\.m2\repository\webdriver\chromedriver\win32\78.0.3904.70\chromedriver.exe, C:\Users\satya\.m2\repository\webdriver\chromedriver\win32\79.0.3945.36\chromedriver.exe, C:\Users\satya\.m2\repository\webdriver\chromedriver\win32\80.0.3987.106\chromedriver.exe, C:\Users\satya\.m2\repository\webdriver\chromedriver\win32\81.0.4044.138\chromedriver.exe] -- output list [C:\Users\satya\.m2\repository\webdriver\chromedriver\win32\81.0.4044.138\chromedriver.exe] 
21:21:41.370 [main] TRACE io.github.bonigarcia.wdm.WebDriverManager - Filter cache by win -- input list [C:\Users\satya\.m2\repository\webdriver\chromedriver\win32\81.0.4044.138\chromedriver.exe] -- output list [C:\Users\satya\.m2\repository\webdriver\chromedriver\win32\81.0.4044.138\chromedriver.exe] 
21:21:41.371 [main] TRACE io.github.bonigarcia.wdm.WebDriverManager - Using preferences true
21:21:41.372 [main] TRACE io.github.bonigarcia.wdm.WebDriverManager - Using preferences true
21:21:41.373 [main] DEBUG io.github.bonigarcia.wdm.WebDriverManager - Driver chromedriver 81.0.4044.138 found in cache
21:21:41.375 [main] INFO  io.github.bonigarcia.wdm.WebDriverManager - Exporting webdriver.chrome.driver as C:\Users\satya\.m2\repository\webdriver\chromedriver\win32\81.0.4044.138\chromedriver.exe
21:21:44.623 [main] INFO  resources.baseClass - Driver is initialized
21:21:52.613 [main] INFO  resources.baseClass - Navigated to Practice Page
21:21:52.614 [main] INFO  resources.baseClass - PracticePageTest.selectDropDownOptions
21:21:53.162 [main] INFO  resources.baseClass - Selected the required option
21:21:55.223 [main] INFO  resources.baseClass - Closing the driver
